<?xml version="1.0" encoding="UTF-8" standalone="no"?>
<!DOCTYPE log SYSTEM "logger.dtd">
<log>
<record>
  <date>2021-08-18T14:38:38.778096Z</date>
  <millis>1629297518778</millis>
  <nanos>96000</nanos>
  <sequence>0</sequence>
  <logger>Aug17.UseCase.inventory</logger>
  <level>CONFIG</level>
  <class>Aug17.UseCase.inventory</class>
  <method>&lt;clinit&gt;</method>
  <thread>1</thread>
  <message>Configuration done.</message>
</record>
<record>
  <date>2021-08-18T14:38:38.828701Z</date>
  <millis>1629297518828</millis>
  <nanos>701000</nanos>
  <sequence>1</sequence>
  <logger>Aug17.UseCase.inventory</logger>
  <level>FINE</level>
  <class>Aug17.UseCase.inventory</class>
  <method>main</method>
  <thread>1</thread>
  <message>New guest arrived</message>
</record>
<record>
  <date>2021-08-18T14:38:38.828911Z</date>
  <millis>1629297518828</millis>
  <nanos>911000</nanos>
  <sequence>2</sequence>
  <logger>Aug17.UseCase.inventory</logger>
  <level>FINE</level>
  <class>Aug17.UseCase.inventory</class>
  <method>addProduct</method>
  <thread>1</thread>
  <message>New producted added</message>
</record>
<record>
  <date>2021-08-18T14:38:38.830275Z</date>
  <millis>1629297518830</millis>
  <nanos>275000</nanos>
  <sequence>3</sequence>
  <logger>Aug17.UseCase.inventory</logger>
  <level>FINER</level>
  <class>Aug17.UseCase.product</class>
  <method>&lt;init&gt;</method>
  <thread>1</thread>
  <message>New Product added</message>
</record>
<record>
  <date>2021-08-18T14:38:38.830491Z</date>
  <millis>1629297518830</millis>
  <nanos>491000</nanos>
  <sequence>4</sequence>
  <logger>Aug17.UseCase.inventory</logger>
  <level>FINE</level>
  <class>Aug17.UseCase.inventory</class>
  <method>addProduct</method>
  <thread>1</thread>
  <message>New producted added</message>
</record>
<record>
  <date>2021-08-18T14:38:38.830651Z</date>
  <millis>1629297518830</millis>
  <nanos>651000</nanos>
  <sequence>5</sequence>
  <logger>Aug17.UseCase.inventory</logger>
  <level>FINER</level>
  <class>Aug17.UseCase.product</class>
  <method>&lt;init&gt;</method>
  <thread>1</thread>
  <message>New Product added</message>
</record>
<record>
  <date>2021-08-18T14:38:38.830819Z</date>
  <millis>1629297518830</millis>
  <nanos>819000</nanos>
  <sequence>6</sequence>
  <logger>Aug17.UseCase.inventory</logger>
  <level>FINE</level>
  <class>Aug17.UseCase.inventory</class>
  <method>addProduct</method>
  <thread>1</thread>
  <message>New producted added</message>
</record>
<record>
  <date>2021-08-18T14:38:38.830982Z</date>
  <millis>1629297518830</millis>
  <nanos>982000</nanos>
  <sequence>7</sequence>
  <logger>Aug17.UseCase.inventory</logger>
  <level>FINER</level>
  <class>Aug17.UseCase.product</class>
  <method>&lt;init&gt;</method>
  <thread>1</thread>
  <message>New Product added</message>
</record>
<record>
  <date>2021-08-18T14:38:38.831210Z</date>
  <millis>1629297518831</millis>
  <nanos>210000</nanos>
  <sequence>8</sequence>
  <logger>Aug17.UseCase.inventory</logger>
  <level>FINER</level>
  <class>Aug17.UseCase.product</class>
  <method>getPname</method>
  <thread>1</thread>
  <message>Product name returned</message>
</record>
<record>
  <date>2021-08-18T14:38:38.847321Z</date>
  <millis>1629297518847</millis>
  <nanos>321000</nanos>
  <sequence>9</sequence>
  <logger>Aug17.UseCase.inventory</logger>
  <level>SEVERE</level>
  <class>Aug17.UseCase.inventory</class>
  <method>main</method>
  <thread>1</thread>
  <message>Null pointer exception occured</message>
  <exception>
    <message>java.lang.NullPointerException</message>
    <frame>
      <class>Aug17.UseCase.inventory</class>
      <method>main</method>
      <line>73</line>
    </frame>
  </exception>
</record>
</log>
